<?xml version="1.0" encoding="UTF-8"?>
<!-- Generated by org.testng.reporters.JUnitXMLReporter -->
<testsuite hostname="img-windows2008" name="ENU" tests="17" failures="0" timestamp="29 Sep 2016 10:16:01 GMT" time="107.401" errors="0">
  <testcase name="@AfterClass afterClass" time="0.0" classname="was.test.w4q16.DeployTVT">
    <failure type="org.openqa.selenium.ElementNotVisibleException" message="Element is not currently visible and so may not be interacted with
Command duration or timeout: 35 milliseconds
Build info: version: &amp;apos;2.52.0&amp;apos;, revision: &amp;apos;4c2593c&amp;apos;, time: &amp;apos;2016-02-11 19:06:42&amp;apos;
System info: host: &amp;apos;img-windows2008&amp;apos;, ip: &amp;apos;10.0.3.101&amp;apos;, os.name: &amp;apos;Windows Server 2008 R2&amp;apos;, os.arch: &amp;apos;amd64&amp;apos;, os.version: &amp;apos;6.1&amp;apos;, java.version: &amp;apos;1.8.0_101&amp;apos;
Driver info: org.openqa.selenium.firefox.FirefoxDriver
Capabilities [{applicationCacheEnabled=true, rotatable=false, handlesAlerts=true, databaseEnabled=true, version=45.4.0, platform=WINDOWS, nativeEvents=false, acceptSslCerts=true, webStorageEnabled=true, locationContextEnabled=true, browserName=firefox, takesScreenshot=true, javascriptEnabled=true, cssSelectorsEnabled=true}]
Session ID: 03371739-8586-4267-81be-2f15ff0408b5">
      <![CDATA[org.openqa.selenium.ElementNotVisibleException: Element is not currently visible and so may not be interacted with
Command duration or timeout: 35 milliseconds
Build info: version: '2.52.0', revision: '4c2593c', time: '2016-02-11 19:06:42'
System info: host: 'img-windows2008', ip: '10.0.3.101', os.name: 'Windows Server 2008 R2', os.arch: 'amd64', os.version: '6.1', java.version: '1.8.0_101'
Driver info: org.openqa.selenium.firefox.FirefoxDriver
Capabilities [{applicationCacheEnabled=true, rotatable=false, handlesAlerts=true, databaseEnabled=true, version=45.4.0, platform=WINDOWS, nativeEvents=false, acceptSslCerts=true, webStorageEnabled=true, locationContextEnabled=true, browserName=firefox, takesScreenshot=true, javascriptEnabled=true, cssSelectorsEnabled=true}]
Session ID: 03371739-8586-4267-81be-2f15ff0408b5
	at org.openqa.selenium.remote.ErrorHandler.createThrowable(ErrorHandler.java:206)
	at org.openqa.selenium.remote.ErrorHandler.throwIfResponseFailed(ErrorHandler.java:158)
	at org.openqa.selenium.remote.RemoteWebDriver.execute(RemoteWebDriver.java:678)
	at org.openqa.selenium.remote.RemoteWebElement.execute(RemoteWebElement.java:327)
	at org.openqa.selenium.remote.RemoteWebElement.click(RemoteWebElement.java:85)
	at org.openqa.selenium.support.pagefactory.internal.LocatingElementHandler.invoke(LocatingElementHandler.java:51)
	at com.sun.proxy.$Proxy10.click(Unknown Source)
	at was.liberty.adminui.Header.logout(Header.java:114)
	at was.test.w4q16.DeployTVT.afterClass(DeployTVT.java:58)
Caused by: org.openqa.selenium.ElementNotVisibleException: Element is not currently visible and so may not be interacted with
Build info: version: '2.52.0', revision: '4c2593c', time: '2016-02-11 19:06:42'
System info: host: 'img-windows2008', ip: '10.0.3.101', os.name: 'Windows Server 2008 R2', os.arch: 'amd64', os.version: '6.1', java.version: '1.8.0_101'
Driver info: driver.version: unknown
	at <anonymous class>.fxdriver.preconditions.visible(file:///C:/Users/ADMINI~1/AppData/Local/Temp/2/anonymous4825920195570189005webdriver-profile/extensions/fxdriver@googlecode.com/components/command-processor.js:10045)
	at <anonymous class>.DelayedCommand.prototype.checkPreconditions_(file:///C:/Users/ADMINI~1/AppData/Local/Temp/2/anonymous4825920195570189005webdriver-profile/extensions/fxdriver@googlecode.com/components/command-processor.js:12597)
	at <anonymous class>.DelayedCommand.prototype.executeInternal_/h(file:///C:/Users/ADMINI~1/AppData/Local/Temp/2/anonymous4825920195570189005webdriver-profile/extensions/fxdriver@googlecode.com/components/command-processor.js:12614)
	at <anonymous class>.DelayedCommand.prototype.executeInternal_(file:///C:/Users/ADMINI~1/AppData/Local/Temp/2/anonymous4825920195570189005webdriver-profile/extensions/fxdriver@googlecode.com/components/command-processor.js:12619)
	at <anonymous class>.DelayedCommand.prototype.execute/<(file:///C:/Users/ADMINI~1/AppData/Local/Temp/2/anonymous4825920195570189005webdriver-profile/extensions/fxdriver@googlecode.com/components/command-processor.js:12561)
... Removed 32 stack frames]]>
    </failure>
  </testcase> <!-- @AfterClass afterClass -->
  <testcase name="test_01_010_010" time="0.406" classname="was.test.w4q16.LoginPageTVT"/>
  <testcase name="test_01_020_010" time="4.225" classname="was.test.w4q16.DeployTVT"/>
  <testcase name="test_01_020_020" time="2.377" classname="was.test.w4q16.DeployTVT"/>
  <testcase name="test_01_020_030" time="2.382" classname="was.test.w4q16.DeployTVT"/>
  <testcase name="test_01_020_040" time="2.608" classname="was.test.w4q16.DeployTVT"/>
  <testcase name="test_01_020_050" time="12.943" classname="was.test.w4q16.DeployTVT"/>
  <testcase name="test_01_020_060" time="4.461" classname="was.test.w4q16.DeployTVT"/>
  <testcase name="test_01_020_070" time="2.244" classname="was.test.w4q16.DeployTVT"/>
  <testcase name="test_01_020_080" time="12.892" classname="was.test.w4q16.DeployTVT"/>
  <testcase name="test_01_020_090" time="4.313" classname="was.test.w4q16.DeployTVT"/>
  <testcase name="test_01_020_100" time="2.279" classname="was.test.w4q16.DeployTVT"/>
  <testcase name="test_01_020_110" time="2.264" classname="was.test.w4q16.DeployTVT"/>
  <testcase name="test_01_020_120" time="2.377" classname="was.test.w4q16.DeployTVT"/>
  <testcase name="test_01_020_130" time="12.866" classname="was.test.w4q16.DeployTVT"/>
  <testcase name="test_01_020_140" time="4.568" classname="was.test.w4q16.DeployTVT"/>
  <testcase name="test_01_020_150" time="2.311" classname="was.test.w4q16.DeployTVT"/>
  <testcase name="test_01_020_160" time="12.936" classname="was.test.w4q16.DeployTVT"/>
</testsuite> <!-- ENU -->
