<html>
<head>
<title>TestNG:  ENU</title>
<link href="../testng.css" rel="stylesheet" type="text/css" />
<link href="../my-testng.css" rel="stylesheet" type="text/css" />

<style type="text/css">
.log { display: none;} 
.stack-trace { display: none;} 
</style>
<script type="text/javascript">
<!--
function flip(e) {
  current = e.style.display;
  if (current == 'block') {
    e.style.display = 'none';
    return 0;
  }
  else {
    e.style.display = 'block';
    return 1;
  }
}

function toggleBox(szDivId, elem, msg1, msg2)
{
  var res = -1;  if (document.getElementById) {
    res = flip(document.getElementById(szDivId));
  }
  else if (document.all) {
    // this is the way old msie versions work
    res = flip(document.all[szDivId]);
  }
  if(elem) {
    if(res == 0) elem.innerHTML = msg1; else elem.innerHTML = msg2;
  }

}

function toggleAllBoxes() {
  if (document.getElementsByTagName) {
    d = document.getElementsByTagName('div');
    for (i = 0; i < d.length; i++) {
      if (d[i].className == 'log') {
        flip(d[i]);
      }
    }
  }
}

// -->
</script>

</head>
<body>
<h2 align='center'>ENU</h2><table border='1' align="center">
<tr>
<td>Tests passed/Failed/Skipped:</td><td>17/0/0</td>
</tr><tr>
<td>Started on:</td><td>Thu Sep 29 18:14:14 CST 2016</td>
</tr>
<tr><td>Total time:</td><td>107 seconds (107401 ms)</td>
</tr><tr>
<td>Included groups:</td><td></td>
</tr><tr>
<td>Excluded groups:</td><td></td>
</tr>
</table><p/>
<small><i>(Hover the method name to see the test class name)</i></small><p/>
<table width='100%' border='1' class='invocation-failed'>
<tr><td colspan='4' align='center'><b>FAILED CONFIGURATIONS</b></td></tr>
<tr><td><b>Test method</b></td>
<td width="30%"><b>Exception</b></td>
<td width="10%"><b>Time (seconds)</b></td>
<td><b>Instance</b></td>
</tr>
<tr>
<td title='was.test.w4q16.DeployTVT.afterClass()'><b>afterClass</b><br>Test class: was.test.w4q16.DeployTVT</td>
<td><div><pre>org.openqa.selenium.ElementNotVisibleException: Element is not currently visible and so may not be interacted with
Command duration or timeout: 35 milliseconds
Build info: version: &apos;2.52.0&apos;, revision: &apos;4c2593c&apos;, time: &apos;2016-02-11 19:06:42&apos;
System info: host: &apos;img-windows2008&apos;, ip: &apos;10.0.3.101&apos;, os.name: &apos;Windows Server 2008 R2&apos;, os.arch: &apos;amd64&apos;, os.version: &apos;6.1&apos;, java.version: &apos;1.8.0_101&apos;
Driver info: org.openqa.selenium.firefox.FirefoxDriver
Capabilities [{applicationCacheEnabled=true, rotatable=false, handlesAlerts=true, databaseEnabled=true, version=45.4.0, platform=WINDOWS, nativeEvents=false, acceptSslCerts=true, webStorageEnabled=true, locationContextEnabled=true, browserName=firefox, takesScreenshot=true, javascriptEnabled=true, cssSelectorsEnabled=true}]
Session ID: 03371739-8586-4267-81be-2f15ff0408b5
	at org.openqa.selenium.remote.ErrorHandler.createThrowable(ErrorHandler.java:206)
	at org.openqa.selenium.remote.ErrorHandler.throwIfResponseFailed(ErrorHandler.java:158)
	at org.openqa.selenium.remote.RemoteWebDriver.execute(RemoteWebDriver.java:678)
	at org.openqa.selenium.remote.RemoteWebElement.execute(RemoteWebElement.java:327)
	at org.openqa.selenium.remote.RemoteWebElement.click(RemoteWebElement.java:85)
	at org.openqa.selenium.support.pagefactory.internal.LocatingElementHandler.invoke(LocatingElementHandler.java:51)
	at com.sun.proxy.$Proxy10.click(Unknown Source)
	at was.liberty.adminui.Header.logout(Header.java:114)
	at was.test.w4q16.DeployTVT.afterClass(DeployTVT.java:58)
Caused by: org.openqa.selenium.ElementNotVisibleException: Element is not currently visible and so may not be interacted with
Build info: version: &apos;2.52.0&apos;, revision: &apos;4c2593c&apos;, time: &apos;2016-02-11 19:06:42&apos;
System info: host: &apos;img-windows2008&apos;, ip: &apos;10.0.3.101&apos;, os.name: &apos;Windows Server 2008 R2&apos;, os.arch: &apos;amd64&apos;, os.version: &apos;6.1&apos;, java.version: &apos;1.8.0_101&apos;
Driver info: driver.version: unknown
	at &lt;anonymous class&gt;.fxdriver.preconditions.visible(file:///C:/Users/ADMINI~1/AppData/Local/Temp/2/anonymous4825920195570189005webdriver-profile/extensions/fxdriver@googlecode.com/components/command-processor.js:10045)
	at &lt;anonymous class&gt;.DelayedCommand.prototype.checkPreconditions_(file:///C:/Users/ADMINI~1/AppData/Local/Temp/2/anonymous4825920195570189005webdriver-profile/extensions/fxdriver@googlecode.com/components/command-processor.js:12597)
	at &lt;anonymous class&gt;.DelayedCommand.prototype.executeInternal_/h(file:///C:/Users/ADMINI~1/AppData/Local/Temp/2/anonymous4825920195570189005webdriver-profile/extensions/fxdriver@googlecode.com/components/command-processor.js:12614)
	at &lt;anonymous class&gt;.DelayedCommand.prototype.executeInternal_(file:///C:/Users/ADMINI~1/AppData/Local/Temp/2/anonymous4825920195570189005webdriver-profile/extensions/fxdriver@googlecode.com/components/command-processor.js:12619)
	at &lt;anonymous class&gt;.DelayedCommand.prototype.execute/&lt;(file:///C:/Users/ADMINI~1/AppData/Local/Temp/2/anonymous4825920195570189005webdriver-profile/extensions/fxdriver@googlecode.com/components/command-processor.js:12561)
... Removed 32 stack frames</pre></div><a href='#' onClick='toggleBox("stack-trace1812823171", this, "Click to show all stack frames", "Click to hide stack frames")'>Click to show all stack frames</a>
<div class='stack-trace' id='stack-trace1812823171'><pre>org.openqa.selenium.ElementNotVisibleException: Element is not currently visible and so may not be interacted with
Command duration or timeout: 35 milliseconds
Build info: version: &apos;2.52.0&apos;, revision: &apos;4c2593c&apos;, time: &apos;2016-02-11 19:06:42&apos;
System info: host: &apos;img-windows2008&apos;, ip: &apos;10.0.3.101&apos;, os.name: &apos;Windows Server 2008 R2&apos;, os.arch: &apos;amd64&apos;, os.version: &apos;6.1&apos;, java.version: &apos;1.8.0_101&apos;
Driver info: org.openqa.selenium.firefox.FirefoxDriver
Capabilities [{applicationCacheEnabled=true, rotatable=false, handlesAlerts=true, databaseEnabled=true, version=45.4.0, platform=WINDOWS, nativeEvents=false, acceptSslCerts=true, webStorageEnabled=true, locationContextEnabled=true, browserName=firefox, takesScreenshot=true, javascriptEnabled=true, cssSelectorsEnabled=true}]
Session ID: 03371739-8586-4267-81be-2f15ff0408b5
	at sun.reflect.NativeConstructorAccessorImpl.newInstance0(Native Method)
	at sun.reflect.NativeConstructorAccessorImpl.newInstance(Unknown Source)
	at sun.reflect.DelegatingConstructorAccessorImpl.newInstance(Unknown Source)
	at java.lang.reflect.Constructor.newInstance(Unknown Source)
	at org.openqa.selenium.remote.ErrorHandler.createThrowable(ErrorHandler.java:206)
	at org.openqa.selenium.remote.ErrorHandler.throwIfResponseFailed(ErrorHandler.java:158)
	at org.openqa.selenium.remote.RemoteWebDriver.execute(RemoteWebDriver.java:678)
	at org.openqa.selenium.remote.RemoteWebElement.execute(RemoteWebElement.java:327)
	at org.openqa.selenium.remote.RemoteWebElement.click(RemoteWebElement.java:85)
	at sun.reflect.NativeMethodAccessorImpl.invoke0(Native Method)
	at sun.reflect.NativeMethodAccessorImpl.invoke(Unknown Source)
	at sun.reflect.DelegatingMethodAccessorImpl.invoke(Unknown Source)
	at java.lang.reflect.Method.invoke(Unknown Source)
	at org.openqa.selenium.support.pagefactory.internal.LocatingElementHandler.invoke(LocatingElementHandler.java:51)
	at com.sun.proxy.$Proxy10.click(Unknown Source)
	at was.liberty.adminui.Header.logout(Header.java:114)
	at was.test.w4q16.DeployTVT.afterClass(DeployTVT.java:58)
	at sun.reflect.NativeMethodAccessorImpl.invoke0(Native Method)
	at sun.reflect.NativeMethodAccessorImpl.invoke(Unknown Source)
	at sun.reflect.DelegatingMethodAccessorImpl.invoke(Unknown Source)
	at java.lang.reflect.Method.invoke(Unknown Source)
	at org.testng.internal.MethodInvocationHelper.invokeMethod(MethodInvocationHelper.java:85)
	at org.testng.internal.Invoker.invokeConfigurationMethod(Invoker.java:510)
	at org.testng.internal.Invoker.invokeConfigurations(Invoker.java:211)
	at org.testng.internal.Invoker.invokeConfigurations(Invoker.java:138)
	at org.testng.internal.TestMethodWorker.invokeAfterClassMethods(TestMethodWorker.java:220)
	at org.testng.internal.TestMethodWorker.run(TestMethodWorker.java:111)
	at org.testng.TestRunner.privateRun(TestRunner.java:774)
	at org.testng.TestRunner.run(TestRunner.java:624)
	at org.testng.SuiteRunner.runTest(SuiteRunner.java:359)
	at org.testng.SuiteRunner.runSequentially(SuiteRunner.java:354)
	at org.testng.SuiteRunner.privateRun(SuiteRunner.java:312)
	at org.testng.SuiteRunner.run(SuiteRunner.java:261)
	at org.testng.SuiteRunnerWorker.runSuite(SuiteRunnerWorker.java:52)
	at org.testng.SuiteRunnerWorker.run(SuiteRunnerWorker.java:86)
	at org.testng.TestNG.runSuitesSequentially(TestNG.java:1215)
	at org.testng.TestNG.runSuitesLocally(TestNG.java:1140)
	at org.testng.TestNG.run(TestNG.java:1048)
	at org.testng.remote.AbstractRemoteTestNG.run(AbstractRemoteTestNG.java:126)
	at org.testng.remote.RemoteTestNG.initAndRun(RemoteTestNG.java:152)
	at org.testng.remote.RemoteTestNG.main(RemoteTestNG.java:57)
Caused by: org.openqa.selenium.ElementNotVisibleException: Element is not currently visible and so may not be interacted with
Build info: version: &apos;2.52.0&apos;, revision: &apos;4c2593c&apos;, time: &apos;2016-02-11 19:06:42&apos;
System info: host: &apos;img-windows2008&apos;, ip: &apos;10.0.3.101&apos;, os.name: &apos;Windows Server 2008 R2&apos;, os.arch: &apos;amd64&apos;, os.version: &apos;6.1&apos;, java.version: &apos;1.8.0_101&apos;
Driver info: driver.version: unknown
	at &lt;anonymous class&gt;.fxdriver.preconditions.visible(file:///C:/Users/ADMINI~1/AppData/Local/Temp/2/anonymous4825920195570189005webdriver-profile/extensions/fxdriver@googlecode.com/components/command-processor.js:10045)
	at &lt;anonymous class&gt;.DelayedCommand.prototype.checkPreconditions_(file:///C:/Users/ADMINI~1/AppData/Local/Temp/2/anonymous4825920195570189005webdriver-profile/extensions/fxdriver@googlecode.com/components/command-processor.js:12597)
	at &lt;anonymous class&gt;.DelayedCommand.prototype.executeInternal_/h(file:///C:/Users/ADMINI~1/AppData/Local/Temp/2/anonymous4825920195570189005webdriver-profile/extensions/fxdriver@googlecode.com/components/command-processor.js:12614)
	at &lt;anonymous class&gt;.DelayedCommand.prototype.executeInternal_(file:///C:/Users/ADMINI~1/AppData/Local/Temp/2/anonymous4825920195570189005webdriver-profile/extensions/fxdriver@googlecode.com/components/command-processor.js:12619)
	at &lt;anonymous class&gt;.DelayedCommand.prototype.execute/&lt;(file:///C:/Users/ADMINI~1/AppData/Local/Temp/2/anonymous4825920195570189005webdriver-profile/extensions/fxdriver@googlecode.com/components/command-processor.js:12561)
</pre></div></td>
<td>0</td>
<td>was.test.w4q16.DeployTVT@48eff760</td></tr>
</table><p>
<table width='100%' border='1' class='invocation-passed'>
<tr><td colspan='4' align='center'><b>PASSED TESTS</b></td></tr>
<tr><td><b>Test method</b></td>
<td width="30%"><b>Exception</b></td>
<td width="10%"><b>Time (seconds)</b></td>
<td><b>Instance</b></td>
</tr>
<tr>
<td title='was.test.w4q16.LoginPageTVT.test_01_010_010()'><b>test_01_010_010</b><br>Test class: was.test.w4q16.LoginPageTVT</td>
<td></td>
<td>0</td>
<td>was.test.w4q16.LoginPageTVT@7c0e2abd</td></tr>
<tr>
<td title='was.test.w4q16.DeployTVT.test_01_020_010()'><b>test_01_020_010</b><br>Test class: was.test.w4q16.DeployTVT</td>
<td></td>
<td>4</td>
<td>was.test.w4q16.DeployTVT@48eff760</td></tr>
<tr>
<td title='was.test.w4q16.DeployTVT.test_01_020_020()'><b>test_01_020_020</b><br>Test class: was.test.w4q16.DeployTVT</td>
<td></td>
<td>2</td>
<td>was.test.w4q16.DeployTVT@48eff760</td></tr>
<tr>
<td title='was.test.w4q16.DeployTVT.test_01_020_030()'><b>test_01_020_030</b><br>Test class: was.test.w4q16.DeployTVT</td>
<td></td>
<td>2</td>
<td>was.test.w4q16.DeployTVT@48eff760</td></tr>
<tr>
<td title='was.test.w4q16.DeployTVT.test_01_020_040()'><b>test_01_020_040</b><br>Test class: was.test.w4q16.DeployTVT</td>
<td></td>
<td>2</td>
<td>was.test.w4q16.DeployTVT@48eff760</td></tr>
<tr>
<td title='was.test.w4q16.DeployTVT.test_01_020_050()'><b>test_01_020_050</b><br>Test class: was.test.w4q16.DeployTVT</td>
<td></td>
<td>12</td>
<td>was.test.w4q16.DeployTVT@48eff760</td></tr>
<tr>
<td title='was.test.w4q16.DeployTVT.test_01_020_060()'><b>test_01_020_060</b><br>Test class: was.test.w4q16.DeployTVT</td>
<td></td>
<td>4</td>
<td>was.test.w4q16.DeployTVT@48eff760</td></tr>
<tr>
<td title='was.test.w4q16.DeployTVT.test_01_020_070()'><b>test_01_020_070</b><br>Test class: was.test.w4q16.DeployTVT</td>
<td></td>
<td>2</td>
<td>was.test.w4q16.DeployTVT@48eff760</td></tr>
<tr>
<td title='was.test.w4q16.DeployTVT.test_01_020_080()'><b>test_01_020_080</b><br>Test class: was.test.w4q16.DeployTVT</td>
<td></td>
<td>12</td>
<td>was.test.w4q16.DeployTVT@48eff760</td></tr>
<tr>
<td title='was.test.w4q16.DeployTVT.test_01_020_090()'><b>test_01_020_090</b><br>Test class: was.test.w4q16.DeployTVT</td>
<td></td>
<td>4</td>
<td>was.test.w4q16.DeployTVT@48eff760</td></tr>
<tr>
<td title='was.test.w4q16.DeployTVT.test_01_020_100()'><b>test_01_020_100</b><br>Test class: was.test.w4q16.DeployTVT</td>
<td></td>
<td>2</td>
<td>was.test.w4q16.DeployTVT@48eff760</td></tr>
<tr>
<td title='was.test.w4q16.DeployTVT.test_01_020_110()'><b>test_01_020_110</b><br>Test class: was.test.w4q16.DeployTVT</td>
<td></td>
<td>2</td>
<td>was.test.w4q16.DeployTVT@48eff760</td></tr>
<tr>
<td title='was.test.w4q16.DeployTVT.test_01_020_120()'><b>test_01_020_120</b><br>Test class: was.test.w4q16.DeployTVT</td>
<td></td>
<td>2</td>
<td>was.test.w4q16.DeployTVT@48eff760</td></tr>
<tr>
<td title='was.test.w4q16.DeployTVT.test_01_020_130()'><b>test_01_020_130</b><br>Test class: was.test.w4q16.DeployTVT</td>
<td></td>
<td>12</td>
<td>was.test.w4q16.DeployTVT@48eff760</td></tr>
<tr>
<td title='was.test.w4q16.DeployTVT.test_01_020_140()'><b>test_01_020_140</b><br>Test class: was.test.w4q16.DeployTVT</td>
<td></td>
<td>4</td>
<td>was.test.w4q16.DeployTVT@48eff760</td></tr>
<tr>
<td title='was.test.w4q16.DeployTVT.test_01_020_150()'><b>test_01_020_150</b><br>Test class: was.test.w4q16.DeployTVT</td>
<td></td>
<td>2</td>
<td>was.test.w4q16.DeployTVT@48eff760</td></tr>
<tr>
<td title='was.test.w4q16.DeployTVT.test_01_020_160()'><b>test_01_020_160</b><br>Test class: was.test.w4q16.DeployTVT</td>
<td></td>
<td>12</td>
<td>was.test.w4q16.DeployTVT@48eff760</td></tr>
</table><p>
</body>
</html>